[INFO     ] Created at 00:39:00, March 31, 2021
[INFO     ] 
[INFO     ] ============================================================
[INFO     ] 
[INFO     ] Added complex reaction rates.
[INFO     ] 
[INFO     ] ============================================================
[INFO     ] 
[INFO     ] Fix the bug: "= IGNORE --> dummy = IGNORE".
[INFO     ] 
[INFO     ] ============================================================
[INFO     ] 
[INFO     ] Deleted the line "USE constants".
[INFO     ] 
[INFO     ] ============================================================
[INFO     ] 
[INFO     ] Deleted the line "CALL mcm_constants(time, temp, M, N2, O2, RO2, H2O)".
[INFO     ] 
[INFO     ] ============================================================
[INFO     ] 
[INFO     ] Fix the bug: "O + O3 = --> O + O3 = dummy".
[INFO     ] 
[INFO     ] ============================================================
[INFO     ] 
[INFO     ] Fix the bug: "OH + HO2 = --> OH + HO2 = dummy".
[INFO     ] 
[INFO     ] ============================================================
[INFO     ] 
[INFO     ] 2 SA are changed to H2SO4.
[INFO     ] 
[INFO     ] ============================================================
[INFO     ] 
[INFO     ] Add condensation sink RES1 for H2SO4: "H2SO4 = dummy : RES1 ;"
[INFO     ] 
[INFO     ] ============================================================
[INFO     ] 
[INFO     ] Comment out KNO
[INFO     ] 
[INFO     ] ============================================================
[INFO     ] 
[INFO     ] Comment out KHO2
[INFO     ] 
[INFO     ] ============================================================
[INFO     ] 
[INFO     ] Comment out KRO2
[INFO     ] 
[INFO     ] ============================================================
[INFO     ] 
[INFO     ] Comment out KNO3
[INFO     ] 
[INFO     ] ============================================================
[INFO     ] 
[INFO     ] Comment out KTR
[INFO     ] 
[INFO     ] ============================================================
[INFO     ] 
[INFO     ] Comment out K16ISOM
[INFO     ] 
[INFO     ] ============================================================
[INFO     ] 
[INFO     ] The final included files are:
[INFO     ] ModelLib/gui/chemistry_package_PZ/PRAM_v21.txt
[INFO     ] 
[INFO     ] -----------------------------------
[INFO     ] 
[INFO     ] Combined all the species defined in #DEFVAR.
[INFO     ] 
[INFO     ] -----------------------------------
[INFO     ] 
[INFO     ] Combined all the species defined in #DEFFIX.
[INFO     ] 
[INFO     ] -----------------------------------
[INFO     ] 
[INFO     ] Combined all the RO2 species.
[INFO     ] 
[INFO     ] -----------------------------------
[INFO     ] 
[INFO     ] Combined all the equations:
[INFO     ] If the reactants, products and k values of several equations are the same,
[INFO     ] only one is left.
[INFO     ] If the reactants, products of several equations are the same,
[INFO     ] but k values are different, all of them are kept,
[INFO     ] and the duplicated equations will be shown below.
[INFO     ] You should decide how to modify the final def file and then use kpp.
[WARNING  ] {3.}      APINOOA = C107O2 + OH :                     KDEC*0.55*0.90 ;
[WARNING  ] {4.}      APINOOA = C109O2 + OH :                     KDEC*0.45*0.90 ;
[WARNING  ] {5.}      LIMOOA = LIMALAO2 + OH :                    KDEC*0.5*0.7 ;
[WARNING  ] {6.}      LIMOOA = LIMALBO2 + OH :                    KDEC*0.5*0.7 ;
[WARNING  ] {1153.}     C107O2 = C107O : 	                            9.20D-14*0.7*RO2*0.9 ;
[WARNING  ] {1154.}     C107O2 = C107OH : 	                            9.20D-14*0.3*RO2*0.9 ;
[INFO     ] 
[INFO     ] ============================================================
[INFO     ] 
[INFO     ] The reaction rates of these equations (CI -> SO3) are modified from 7.00D-14 to 7.00D-13:
[INFO     ] {435.} CH2OO + SO2 = HCHO + SO3 : 7.00D-13 ;

[INFO     ] {836.} APINBOO + SO2 = PINAL + SO3 : 7.00D-13 ;

[INFO     ] {901.} NOPINOO + SO2 = NOPINONE + SO3 : 7.00D-13 ;

[INFO     ] {945.} LIMBOO + SO2 = LIMAL + SO3 : 7.00D-13 ;

[INFO     ] {1225.} CO2C3OO + SO2 = CO2C3CHO + SO3 : 7.00D-13 ;

[INFO     ] {1702.} CH3CHOO + SO2 = CH3CHO + SO3 : 7.00D-13 ;

[INFO     ] {1901.} NC41OO + SO2 = HMVKANO3 + SO3 : 7.00D-13 ;

[INFO     ] {2366.} HMGLOO + SO2 = HOCH2COCHO + SO3 : 7.00D-13 ;

[INFO     ] {2565.} BZFUONOO + SO2 = CO14O3CHO + SO3 : 7.00D-13 ;

[INFO     ] {2673.} TLFUONOO + SO2 = ACCOMECHO + SO3 : 7.00D-13 ;

[INFO     ] {2875.} LMKBOO + SO2 = LMLKET + SO3 : 7.00D-13 ;

[INFO     ] {2904.} M3FOO + SO2 = C532CO + SO3 : 7.00D-13 ;

[INFO     ] {3543.} HMGLYOO + SO2 = HOCH2COCHO + SO3 : 7.00D-13 ;

[INFO     ] 
[INFO     ] ============================================================
[INFO     ] 
[INFO     ] Removing CH3OH = IGNORE ; from DEFVAR (already in DEFFIX)
[INFO     ] Removing C2H5OH = IGNORE ; from DEFVAR (already in DEFFIX)
[INFO     ] Removing HCHO = IGNORE ; from DEFVAR (already in DEFFIX)
[INFO     ] Removing MACR = IGNORE ; from DEFVAR (already in DEFFIX)
[INFO     ] Removing CH3CHO = IGNORE ; from DEFVAR (already in DEFFIX)
[INFO     ] Removing C5H8 = IGNORE ; from DEFVAR (already in DEFFIX)
[INFO     ] Removing CH4 = IGNORE ; from DEFVAR (already in DEFFIX)
[INFO     ] Removing CH3COCH3 = IGNORE ; from DEFVAR (already in DEFFIX)
[INFO     ] Removing MEK = IGNORE ; from DEFVAR (already in DEFFIX)
[INFO     ] Removing CH3CO2H = IGNORE ; from DEFVAR (already in DEFFIX)
[INFO     ] Removing BENZENE = IGNORE ; from DEFVAR (already in DEFFIX)
[INFO     ] Removing TOLUENE = IGNORE ; from DEFVAR (already in DEFFIX)
[INFO     ] Removing APINENE = IGNORE ; from DEFVAR (already in DEFFIX)
[INFO     ] Removing BPINENE = IGNORE ; from DEFVAR (already in DEFFIX)
[INFO     ] Removing LIMONENE = IGNORE ; from DEFVAR (already in DEFFIX)
[INFO     ] 
[INFO     ] ============================================================
[INFO     ] ============================================================
[INFO     ] 
[INFO     ] Removed all the carriage return character ^M.
[INFO     ] 
[INFO     ] ============================================================
[INFO     ] 
[INFO     ] The final file is written.
