! ~~~~~~~~~~~~~~~~~~~~~~~~~~~~~~~~~~~~~~~~~~~~~~~~~~~~~~~~~~~~~~~~~~~~~~~~~
! 
! Log File with Human-Readable Information
! 
! Generated by KPP-3.3.0 symbolic chemistry Kinetics PreProcessor
!       (https:/github.com/KineticPreProcessor/KPP
! KPP is distributed under GPL, the general public licence
!       (http://www.gnu.org/copyleft/gpl.html)
! (C) 1995-1997, V. Damian & A. Sandu, CGRER, Univ. Iowa
! (C) 1997-2022, A. Sandu, Michigan Tech, Virginia Tech
!     With important contributions from:
!        M. Damian,   Villanova University, Philadelphia, PA, USA
!        R. Sander,   Max-Planck Institute for Chemistry, Mainz, Germany
!        M. Long,     Renaissance Fiber, LLC, North Carolina, USA
!        H. Lin,      Harvard University, Cambridge, MA, USA
!        R. Yantosca, Harvard University, Cambridge, MA, USA
! 
! File                 : second.log
! Equation file        : second.kpp3
! Output root filename : second
! 
! ~~~~~~~~~~~~~~~~~~~~~~~~~~~~~~~~~~~~~~~~~~~~~~~~~~~~~~~~~~~~~~~~~~~~~~~~~



### Options -------------------------------------------

#DECLARE      - OFF
#DOUBLE       - ON
#DRIVER       - ./mcm_module_kpp3
#DUMMYINDEX   - OFF
#EQNTAGS      - OFF
#FUNCTION     - AGGREGATE
#HESSIAN      - OFF
#INTEGRATOR   - rosenbrock
#JACOBIAN     - SPARSE_LU_ROW
#LANGUAGE     - Fortran90
#MEX          - OFF
#MINVERSION   - none
#REORDER      - ON
#STOCHASTIC   - OFF
#STOICMAT     - OFF
#UPPERCASEF90 - OFF

### Parameters ----------------------------------------

! NSPEC - Number of chemical species
  INTEGER, PARAMETER :: NSPEC = 2439 
! NVAR - Number of Variable species
  INTEGER, PARAMETER :: NVAR = 2414 
! NVARACT - Number of Active species
  INTEGER, PARAMETER :: NVARACT = 2212 
! NFIX - Number of Fixed species
  INTEGER, PARAMETER :: NFIX = 25 
! NREACT - Number of reactions
  INTEGER, PARAMETER :: NREACT = 8141 
! NVARST - Starting of variables in conc. vect.
  INTEGER, PARAMETER :: NVARST = 1 
! NFIXST - Starting of fixed in conc. vect.
  INTEGER, PARAMETER :: NFIXST = 2415 

### Species -------------------------------------------

Variable species
   1 = O1D (r)                 806 = BCKAO (r)              1611 = C818CO (r)             
   2 = CL (r)                  807 = BCKBO (r)              1612 = HC4CHO (r)             
   3 = CH2OOE (r)              808 = BCKBNO3 (r)            1613 = KLIMONONIC (r)         
   4 = MVKOOA (r)              809 = C131PAN (r)            1614 = HMAC (r)               
   5 = MACROOA (r)             810 = C131NO3 (r)            1615 = HPC52CO3H (r)          
   6 = MVKOO (r)               811 = C131OH (r)             1616 = CH2CHCH2O2 (r)         
   7 = MACROO (r)              812 = C133NO3 (r)            1617 = C818OOH (r)            
   8 = MGLYOOB (r)             813 = C829O (r)              1618 = LMKAOOH (r)            
   9 = APINOOA (r)             814 = C829NO3 (r)            1619 = TLFUOOH (r)            
  10 = APINOOB (r)             815 = C9PAN2 (r)             1620 = MEKAO (r)              
  11 = NOPINOOA (r)            816 = C134O (r)              1621 = C530OOH (r)            
  12 = NOPINOO (r)             817 = C135O (r)              1622 = C819OOH (r)            
  13 = CH2OOG (r)              818 = APINCNO3 (r)           1623 = HC4CO3 (r)             
  14 = LIMOOA (r)              819 = BCSOZ (r)              1624 = C4M2ALOHO (r)          
  15 = LIMOOB (r)              820 = BCSOZO (r)             1625 = C531O2 (r)             
  16 = LIMBOO (r)              821 = BCSOZOH (r)            1626 = C727OOH (r)            
  17 = BCOOA (r)               822 = C151O (r)              1627 = C31CO3H (r)            
  18 = BCOOB (r)               823 = C151OH (r)             1628 = CHOOCHO (r)            
  19 = BCAOO (r)               824 = C152O (r)              1629 = C31CO3 (r)             
  20 = BCBOO (r)               825 = C152OH (r)             1630 = C533OOH (r)            
  21 = NA (n)                  826 = BCALAO (r)             1631 = C820OOH (r)            
  22 = dummy (n)               827 = C126PAN (r)            1632 = C512O (r)              
  23 = H2SO4 (r)               828 = C126CO2H (r)           1633 = MVKOOH (r)             
  24 = SO3 (r)                 829 = C126NO3 (r)            1634 = C825OOH (r)            
  25 = HOM_O3 (n)              830 = C126OH (r)             1635 = MOCOCH2OOH (r)         
  26 = HOM_O4 (n)              831 = C108NO3 (r)            1636 = DNPHENOOH (r)          
  27 = HOM_O5 (n)              832 = C127NO3 (r)            1637 = PBZQONE (r)            
  28 = HOM_O6 (n)              833 = C7PAN3 (r)             1638 = C51OOH (r)             
  29 = HOM_O7 (n)              834 = C128NO3 (r)            1639 = OCCOHCOOH (r)          
  30 = HOM_O8 (n)              835 = C128OH (r)             1640 = C728OOH (r)            
  31 = HOM_O9 (n)              836 = C136PAN (r)            1641 = C6H5CH2O2 (r)          
  32 = HOM_O10 (n)             837 = C136CO2H (r)           1642 = NDNPHENOOH (r)         
  33 = HOM_O11 (n)             838 = C137PAN (r)            1643 = C513OOH (r)            
  34 = HOM_O12 (n)             839 = C137CO2H (r)           1644 = HYETHO2H (r)           
  35 = HOM_O13 (n)             840 = C137NO3 (r)            1645 = BPINBOOH (r)           
  36 = HOM_O14 (n)             841 = C137OH (r)             1646 = ETHO2HNO3 (r)          
  37 = HOM_O3CBN (n)           842 = C139NO3 (r)            1647 = HCC7CO (r)             
  38 = HOM_O4CBN (n)           843 = C1310NO3 (r)           1648 = HYPROPO2H (r)          
  39 = HOM_O5CBN (n)           844 = C1310OH (r)            1649 = PROPGLY (r)            
  40 = HOM_O6CBN (n)           845 = APINBO (r)             1650 = C918CO3H (r)           
  41 = HOM_O7CBN (n)           846 = C136NO3 (r)            1651 = COO2C4OOH (r)          
  42 = HOM_O8CBN (n)           847 = C136OH (r)             1652 = PR1O2HNO3 (r)          
  43 = HOM_O9CBN (n)           848 = APINBNO3 (r)           1653 = C510O (r)              
  44 = HOM_O10CBN (n)          849 = C1311NO3 (r)           1654 = PRNO3CO3 (r)           
  45 = HOM_O11CBN (n)          850 = C1311OH (r)            1655 = TLEMUCCO (r)           
  46 = HOM_O12CBN (n)          851 = C1312NO3 (r)           1656 = PR2O2HNO3 (r)          
  47 = HOM_O13CBN (n)          852 = C1312OH (r)            1657 = MPRBNO3OOH (r)         
  48 = RHOM_O13 (n)            853 = C1010NO3 (r)           1658 = C623OOH (r)            
  49 = HOM_NO5 (n)             854 = C1010OH (r)            1659 = MPRBNO3CO3 (r)         
  50 = HOM_NO6 (n)             855 = C736OH (r)             1660 = HOCHOCOOH (r)          
  51 = HOM_NO7 (n)             856 = C522CO2H (r)           1661 = H13CO2CO3H (r)         
  52 = HOM_NO8 (n)             857 = C146O (r)              1662 = ACO3H (r)              
  53 = HOM_NO9 (n)             858 = C146OH (r)             1663 = C42AOH (r)             
  54 = HOM_NO10 (n)            859 = C1011PAN (r)           1664 = C615CO2OOH (r)         
  55 = HOM_NO11 (n)            860 = C1011CO2H (r)          1665 = C57O (r)               
  56 = HOM_NO12 (n)            861 = C1011NO3 (r)           1666 = HC4CCO3H (r)           
  57 = HOM_NO13 (n)            862 = C1011OH (r)            1667 = BZFUOOH (r)            
  58 = HOM_NO14 (n)            863 = C1012NO3 (r)           1668 = C821OOH (r)            
  59 = HOM_NO15 (n)            864 = C1012OH (r)            1669 = HMVKAOOH (r)           
  60 = HOM20_O5 (n)            865 = C6TRONOHO (r)          1670 = C58O (r)               
  61 = HOM20_O6 (n)            866 = C147O (r)              1671 = HC4ACO3H (r)           
  62 = HOM20_O7 (n)            867 = C147OH (r)             1672 = C719OOH (r)            
  63 = HOM20_O8 (n)            868 = C3DIOLO (r)            1673 = MVKOHBOOH (r)          
  64 = HOM20_O9 (n)            869 = C129O (r)              1674 = C131CO2H (r)           
  65 = HOM20_O10 (n)           870 = C129OH (r)             1675 = MPAN (r)               
  66 = HOM20_O11 (n)           871 = C830PAN (r)            1676 = CH2OO (r)              
  67 = HOM20_O12 (n)           872 = C830CO2H (r)           1677 = ISOP34NO3 (r)          
  68 = HOM20_O13 (n)           873 = C830NO3 (r)            1678 = ISOPDNO3 (r)           
  69 = HOM20_O14 (n)           874 = C830OH (r)             1679 = MMALNAPAN (r)          
  70 = HOM20_O15 (n)           875 = C831NO3 (r)            1680 = IEC2OOH (r)            
  71 = HOM20_O16 (n)           876 = C831OH (r)             1681 = C929CO (r)             
  72 = HOM20_O17 (n)           877 = BCKOOA (r)             1682 = INCCO (r)              
  73 = HOM20_NO7 (n)           878 = C148O (r)              1683 = C23O3CHO (r)           
  74 = HOM20_NO8 (n)           879 = C148OH (r)             1684 = MACRNBCO3H (r)         
  75 = HOM20_NO9 (n)           880 = C1013PAN (r)           1685 = NCRESOOH (r)           
  76 = HOM20_NO10 (n)          881 = C1013CO2H (r)          1686 = IEPOXB (r)             
  77 = HOM20_NO11 (n)          882 = C1013NO3 (r)           1687 = INDHCHO (r)            
  78 = HOM20_NO12 (n)          883 = C1013OH (r)            1688 = C58NO3CO3H (r)         
  79 = HOM20_NO13 (n)          884 = C1014NO3 (r)           1689 = NCATECOOH (r)          
  80 = HOM20_NO14 (n)          885 = C1014OH (r)            1690 = NC4DCO2H (r)           
  81 = HOM20_NO15 (n)          886 = COO2C4PAN (r)          1691 = CO12C4CHO (r)          
  82 = HOM20_NO16 (n)          887 = COO2C3PAN (r)          1692 = BZEMUCCO (r)           
  83 = HOM20_NO17 (n)          888 = BCLKAO (r)             1693 = MEKBO2 (r)             
  84 = HOM20_NO18 (n)          889 = C116PAN (r)            1694 = MEKCO2 (r)             
  85 = HOM20_OH_O6 (n)         890 = C116CO2H (r)           1695 = C2H5CO3 (r)            
  86 = HOM20_OH_O7 (n)         891 = C116NO3 (r)            1696 = EGLYOX (r)             
  87 = HOM20_OH_O8 (n)         892 = C116OH (r)             1697 = C54CO (r)              
  88 = HOM20_OH_O9 (n)         893 = C717NO3 (r)            1698 = CH3SO2 (r)             
  89 = HOM20_OH_O10 (n)        894 = C117NO3 (r)            1699 = NBCO2 (r)              
  90 = HOM20_OH_O11 (n)        895 = C118NO3 (r)            1700 = INB2OOH (r)            
  91 = HOM20_OH_O12 (n)        896 = C118OH (r)             1701 = HIEB1OOH (r)           
  92 = HOM20_OH_O13 (n)        897 = C1210CO2H (r)          1702 = CH3SO3 (r)             
  93 = HOM20_OH_NO8 (n)        898 = C1211PAN (r)           1703 = CH3SOO2 (r)            
  94 = HOM20_OH_NO9 (n)        899 = C1211CO2H (r)          1704 = CH3SO2O2 (r)           
  95 = HOM20_OH_NO10 (n)       900 = C1211NO3 (r)           1705 = C515CHO (r)            
  96 = HOM20_OH_NO11 (n)       901 = C1211OH (r)            1706 = C527OOH (r)            
  97 = HOM20_OH_NO12 (n)       902 = C1212NO3 (r)           1707 = MACROOH (r)            
  98 = HOM20_OH_NO13 (n)       903 = C1213NO3 (r)           1708 = C527O2 (r)             
  99 = HOM20_OH_NO14 (n)       904 = C1213OH (r)            1709 = PXYFUONE (r)           
 100 = HOM_OH_O4CBN (n)        905 = C1210NO3 (r)           1710 = BCAO2 (r)              
 101 = HOM_OH_O5CBN (n)        906 = C1210OH (r)            1711 = BCBO2 (r)              
 102 = HOM_OH_O6CBN (n)        907 = C1214OH (r)            1712 = C45O2 (r)              
 103 = HOM_OH_O7CBN (n)        908 = C1215NO3 (r)           1713 = M3BU3ECO3 (r)          
 104 = HOM_OH_O8CBN (n)        909 = C1215OH (r)            1714 = GLYOOC (r)             
 105 = HOM_OH_O9CBN (n)        910 = C930NO3 (r)            1715 = NC526OOH (r)           
 106 = HOM_OH_O4 (n)           911 = C930OH (r)             1716 = MNCATECOOH (r)         
 107 = HOM_OH_O5 (n)           912 = MOXCOCH2OH (r)         1717 = NC4MDCO2H (r)          
 108 = HOM_OH_O6 (n)           913 = NC71CO (r)             1718 = MACROHOOH (r)          
 109 = HOM_OH_O7 (n)           914 = C524NO3 (r)            1719 = MACRNCO3H (r)          
 110 = HOM_OH_O8 (n)           915 = C524OH (r)             1720 = C58AOOH (r)            
 111 = HOM_OH_O9 (n)           916 = C525O (r)              1721 = C47CO3H (r)            
 112 = HOM_OH_O10 (n)          917 = NC524NO3 (r)           1722 = C57AOOH (r)            
 113 = HOM_OH_NO6 (n)          918 = NC524OH (r)            1723 = HO1CO24C5 (r)          
 114 = HOM_OH_NO7 (n)          919 = DNC524CO (r)           1724 = IPRHOCO3 (r)           
 115 = HOM_OH_NO8 (n)          920 = HMVKNGLYOX (r)         1725 = C55O2 (r)              
 116 = HOM_OH_NO9 (n)          921 = HIEPOXB (r)            1726 = C67CHO (r)             
 117 = HOM_OH_NO10 (n)         922 = HMACO2H (r)            1727 = C513CO (r)             
 118 = HOM_OH_NO11 (n)         923 = BCALCO (r)             1728 = MEKAOOH (r)            
 119 = HOM19_O5 (n)            924 = BCLKCO (r)             1729 = NMGLYOX (r)            
 120 = HOM19_O6 (n)            925 = C516O (r)              1730 = C57NO3CO3H (r)         
 121 = HOM19_O7 (n)            926 = CISOPA (r)             1731 = C58OOH (r)             
 122 = HOM19_O8 (n)            927 = TISOPA (r)             1732 = C133CO (r)             
 123 = HOM19_O9 (n)            928 = CISOPC (r)             1733 = INCNCO3 (r)            
 124 = HOM19_O10 (n)           929 = TISOPC (r)             1734 = MCATEC1O2 (r)          
 125 = HOM19_O11 (n)           930 = C526NO3 (r)            1735 = NPXYFUO2 (r)           
 126 = HOM19_O12 (n)           931 = C527NO3 (r)            1736 = BCALBO2 (r)            
 127 = HOM19_O13 (n)           932 = HPC52PAN (r)           1737 = COHM2CO2H (r)          
 128 = HOM19_O14 (n)           933 = C107OH (r)             1738 = PHENO2 (r)             
 129 = HOM19_O15 (n)           934 = CH2CHCH2NO3 (r)        1739 = C1313O2 (r)            
 130 = HOM19_O16 (n)           935 = C45OOH (r)             1740 = C1013O2 (r)            
 131 = HOM19_O17 (n)           936 = C530NO3 (r)            1741 = C1013CO3 (r)           
 132 = HOM19_O18 (n)           937 = NC6PAN1 (r)            1742 = NOPINAO (r)            
 133 = HOM19_NO8 (n)           938 = C531CO (r)             1743 = C128CO (r)             
 134 = HOM19_NO9 (n)           939 = NC41OOA (r)            1744 = INDHPCO3 (r)           
 135 = HOM19_NO10 (n)          940 = C536O (r)              1745 = C830O2 (r)             
 136 = HOM19_NO11 (n)          941 = C537O (r)              1746 = CHOC2CO2H (r)          
 137 = HOM19_NO12 (n)          942 = MACRO (r)              1747 = C811CO3H (r)           
 138 = HOM19_NO13 (n)          943 = MACO2H (r)             1748 = C736O2 (r)             
 139 = HOM19_NO14 (n)          944 = NISOPNO3 (r)           1749 = CO2N3CO3 (r)           
 140 = HOM19_NO15 (n)          945 = C3PAN1 (r)             1750 = C137O2 (r)             
 141 = HOM19_NO16 (n)          946 = HOC2H4CO2H (r)         1751 = C137CO3 (r)            
 142 = HOM19_NO17 (n)          947 = C51NO3 (r)             1752 = C6145COO2 (r)          
 143 = HOM19_NO18 (n)          948 = C5PAN2 (r)             1753 = C629O (r)              
 144 = HOM19_OH_O6 (n)         949 = CO2C4CO2H (r)          1754 = NPTLQO2 (r)            
 145 = HOM19_OH_O7 (n)         950 = C5PAN9 (r)             1755 = C811OOH (r)            
 146 = HOM19_OH_O8 (n)         951 = C5PAN11 (r)            1756 = INB1NACO3 (r)          
 147 = HOM19_OH_O9 (n)         952 = C6PAN9 (r)             1757 = INB1NBCO3 (r)          
 148 = HOM19_OH_O10 (n)        953 = C3PAN2 (r)             1758 = C520O (r)              
 149 = HOM19_OH_O11 (n)        954 = C5PAN15 (r)            1759 = INB1HPCO3 (r)          
 150 = HOM19_OH_O12 (n)        955 = HM22CO2H (r)           1760 = C812OOH (r)            
 151 = HOM19_OH_O13 (n)        956 = HOCH2CH2O (r)          1761 = C831O (r)              
 152 = HOM19_OH_O14 (n)        957 = ETHOHNO3 (r)           1762 = NCRES1O2 (r)           
 153 = HOM19_OH_NO9 (n)        958 = ETHGLY (r)             1763 = DNCRES (r)             
 154 = HOM19_OH_NO10 (n)       959 = CH2OOA (r)             1764 = C813OOH (r)            
 155 = HOM19_OH_NO11 (n)       960 = ETHENO3O (r)           1765 = C6CO2OHCO3 (r)         
 156 = HOM19_OH_NO12 (n)       961 = NO3CH2CO3H (r)         1766 = C830CO3 (r)            
 157 = HOM19_OH_NO13 (n)       962 = ACCOMEPAN (r)          1767 = C1014O (r)             
 158 = HOM19_OH_NO14 (n)       963 = C108OH (r)             1768 = C514O2 (r)             
 159 = HOM18_O4 (n)            964 = PRONO3AO (r)           1769 = COO2C4CHO (r)          
 160 = HOM18_O5 (n)            965 = C720NO3 (r)            1770 = BZBIPERO (r)           
 161 = HOM18_O6 (n)            966 = PRNO3CO3H (r)          1771 = C621O2 (r)             
 162 = HOM18_O7 (n)            967 = PRONO3BO (r)           1772 = IEACO3 (r)             
 163 = HOM18_O8 (n)            968 = PROLNO3 (r)            1773 = IEACHO (r)             
 164 = HOM18_O9 (n)            969 = MPRBNO3O (r)           1774 = PINONIC (r)            
 165 = HOM18_O10 (n)           970 = C720OH (r)             1775 = NC728O2 (r)            
 166 = HOM18_O11 (n)           971 = MPRNO3CO3H (r)         1776 = C118CO (r)             
 167 = HOM18_O12 (n)           972 = C4PAN10 (r)            1777 = C3DIOLO2 (r)           
 168 = HOM18_O13 (n)           973 = ACO2H (r)              1778 = C718O2 (r)             
 169 = HOM18_O14 (n)           974 = C1210PAN (r)           1779 = NC623O2 (r)            
 170 = HOM18_O15 (n)           975 = MVKOHAO (r)            1780 = TLFUO2 (r)             
 171 = HOM18_O16 (n)           976 = MVKOHBO (r)            1781 = C721CO3H (r)           
 172 = HOM18_O17 (n)           977 = C522PAN (r)            1782 = C722OOH (r)            
 173 = HOM18_O18 (n)           978 = HMVKBO (r)             1783 = NC730O2 (r)            
 174 = HOM18_NO9 (n)           979 = C4PAN6 (r)             1784 = NC71O2 (r)             
 175 = HOM18_NO10 (n)          980 = BCALBOC (r)            1785 = NBCALO2 (r)            
 176 = HOM18_NO11 (n)          981 = HMGLOOA (r)            1786 = MOXYCOCHO (r)          
 177 = HOM18_NO12 (n)          982 = C514OH (r)             1787 = NC1313O2 (r)           
 178 = HOM18_NO13 (n)          983 = C514O (r)              1788 = H3C2C4CO2H (r)         
 179 = HOM18_NO14 (n)          984 = C620O (r)              1789 = CHOMOHCO3 (r)          
 180 = HOM18_NO15 (n)          985 = IEPOXC (r)             1790 = CATEC1O2 (r)           
 181 = HOM18_NO16 (n)          986 = INANCHO (r)            1791 = HMACRO2 (r)            
 182 = HOM18_NO17 (n)          987 = INAHPCHO (r)           1792 = NCATECHOL (r)          
 183 = HOM18_NO18 (n)          988 = INAHCHO (r)            1793 = C131CO (r)             
 184 = HOM18_NO19 (n)          989 = C6H5CH2O (r)           1794 = HPC52CO3 (r)           
 185 = HOM18_OH_O5 (n)         990 = INAHPAN (r)            1795 = PXYFUO2 (r)            
 186 = HOM18_OH_O6 (n)         991 = INANCOPAN (r)          1796 = NC51O2 (r)             
 187 = HOM18_OH_O7 (n)         992 = INB1NACHO (r)          1797 = C1211O2 (r)            
 188 = HOM18_OH_O8 (n)         993 = INB1NBCHO (r)          1798 = OXYL1O2 (r)            
 189 = HOM18_OH_O9 (n)         994 = MACRNPAN (r)           1799 = CRESOL (r)             
 190 = HOM18_OH_O10 (n)        995 = INB1HPCHO (r)          1800 = CRESO2 (r)             
 191 = HOM18_OH_O11 (n)        996 = C57NO3PAN (r)          1801 = MCATECHOL (r)          
 192 = HOM18_OH_O12 (n)        997 = MACRNOOA (r)           1802 = MNCATECH (r)           
 193 = HOM18_OH_O13 (n)        998 = INCNPAN (r)            1803 = MNCATECO2 (r)          
 194 = HOM18_OH_O14 (n)        999 = INDHPCHO (r)           1804 = MNNCATECO2 (r)         
 195 = HOM18_OH_NO10 (n)      1000 = INDHPPAN (r)           1805 = C530O2 (r)             
 196 = HOM18_OH_NO11 (n)      1001 = INDHPAN (r)            1806 = ME3BU3ECHO (r)         
 197 = HOM18_OH_NO12 (n)      1002 = C58NO3PAN (r)          1807 = NC72O2 (r)             
 198 = HOM18_OH_NO13 (n)      1003 = C514CO23OH (r)         1808 = C619O2 (r)             
 199 = HOM18_OH_NO14 (n)      1004 = MGLOOB (r)             1809 = NC61CO3 (r)            
 200 = HOM18_OH_NO15 (n)      1005 = C96OH (r)              1810 = C533O2 (r)             
 201 = DiEstC20O7 (n)         1006 = MMALANHY (r)           1811 = NBZFUO2 (r)            
 202 = DiEstC20O6 (n)         1007 = C817OH (r)             1812 = H3C25CCO2H (r)         
 203 = DiEstC19O8 (n)         1008 = C4M2AL2OH (r)          1813 = C727CO (r)             
 204 = DiEstC19O7 (n)         1009 = C622O (r)              1814 = IECCO3 (r)             
 205 = DiEstC19O6 (n)         1010 = C517O (r)              1815 = IECCHO (r)             
 206 = DiEstC18NO10 (n)       1011 = TLEMUCOH (r)           1816 = C728O2 (r)             
 207 = DiEstC18NO8 (n)        1012 = C615CO2OH (r)          1817 = PBZQO2 (r)             
 208 = DiEstC18O9 (n)         1013 = LIMALBOH (r)           1818 = PTLQO2 (r)             
 209 = DiEstC18O8_1 (n)       1014 = C614OH (r)             1819 = NC4CO3 (r)             
 210 = DiEstC18O8_2 (n)       1015 = C614O (r)              1820 = MC3ODBCO2H (r)         
 211 = DiEstC18O8_3 (n)       1016 = TLFUO (r)              1821 = BCALO2 (r)             
 212 = DiEstC18O7_1 (n)       1017 = C826O (r)              1822 = MACRNCO2H (r)          
 213 = DiEstC18O7_2 (n)       1018 = C625OH (r)             1823 = C5CO2OHCO3 (r)         
 214 = DiEstC18O7_3 (n)       1019 = C926O (r)              1824 = C67CO3 (r)             
 215 = DiEstC18O6_1 (n)       1020 = C926OH (r)             1825 = HOPINONIC (r)          
 216 = DiEstC18O6_2 (n)       1021 = C627OH (r)             1826 = NPHEN1O2 (r)           
 217 = DiEstC17O8_1 (n)       1022 = LMLKBOH (r)            1827 = DNPHEN (r)             
 218 = DiEstC17O8_2 (n)       1023 = NCRESOH (r)            1828 = CONM2CO3H (r)          
 219 = DiEstC17O7 (n)         1024 = NCRESO (r)             1829 = BIACETOOH (r)          
 220 = DiEstC15O9 (n)         1025 = C59O (r)               1830 = IBUTOLBO2 (r)          
 221 = DiEstC15O7 (n)         1026 = MSA (r)                1831 = CO235C6O2 (r)          
 222 = DiEstC14O8 (n)         1027 = DMSO2OH (r)            1832 = C623O2 (r)             
 223 = DiEstC14O7 (n)         1028 = HOHOC4DIAL (r)         1833 = C1011O2 (r)            
 224 = DiEstC13O6 (n)         1029 = C144O (r)              1834 = NBZQO2 (r)             
 225 = O (r)                  1030 = C145O (r)              1835 = C6CO4DB (r)            
 226 = N2O5 (r)               1031 = BUT2OLO (r)            1836 = CHOPRNO3 (r)           
 227 = HONO (r)               1032 = C717OH (r)             1837 = BZFUO2 (r)             
 228 = HSO3 (r)               1033 = PXYFUO (r)             1838 = C143O (r)              
 229 = CH3O2NO2 (r)           1034 = C133OH (r)             1839 = MPRBNO3O2 (r)          
 230 = RHOM_O4 (r)            1035 = C829OH (r)             1840 = MPRBNO3CHO (r)         
 231 = RHOM_O5 (r)            1036 = C126CO (r)             1841 = C4CO2DBCO3 (r)         
 232 = RHOM_O6 (r)            1037 = C126OOH (r)            1842 = H13CO2CO3 (r)          
 233 = RHOM_O7 (r)            1038 = C128O (r)              1843 = C732O2 (r)             
 234 = RHOM_O8 (r)            1039 = BCALBOH (r)            1844 = C630O2 (r)             
 235 = RHOM_O9 (r)            1040 = C9DC (r)               1845 = NTLFUO2 (r)            
 236 = RHOM_O10 (r)           1041 = C1310O (r)             1846 = INANCO3 (r)            
 237 = RHOM_O11 (r)           1042 = MEKCOH (r)             1847 = C1211CO3 (r)           
 238 = RHOM_O12 (r)           1043 = C615O (r)              1848 = C730O2 (r)             
 239 = RHOM_OH_O4 (r)         1044 = C1312O (r)             1849 = C151O2 (r)             
 240 = RHOM_OH_O5 (r)         1045 = MALANHY (r)            1850 = C629OOH (r)            
 241 = RHOM_OH_O6 (r)         1046 = C1011CO (r)            1851 = C33CO (r)              
 242 = RHOM_OH_O7 (r)         1047 = C1011OOH (r)           1852 = C312COCO3 (r)          
 243 = RHOM_OH_O8 (r)         1048 = C1012CO (r)            1853 = CHOCOCH2O2 (r)         
 244 = PROPALO (r)            1049 = C615OH (r)             1854 = C7CO4DB (r)            
 245 = NC4DCO2 (r)            1050 = C830CO (r)             1855 = C5CO2DBCO3 (r)         
 246 = NC4MDCO2 (r)           1051 = C830OOH (r)            1856 = C520OOH (r)            
 247 = C8BC (r)               1052 = C717O (r)              1857 = C129O2 (r)             
 248 = LIMALOOA (r)           1053 = C1013CO (r)            1858 = C615CO (r)             
 249 = C628OOA (r)            1054 = C1013OOH (r)           1859 = PHENOL (r)             
 250 = C629OOA (r)            1055 = BZEMUCOH (r)           1860 = NPHENO2 (r)            
 251 = C520OOA (r)            1056 = C1313O (r)             1861 = CATECHOL (r)           
 252 = C735OOA (r)            1057 = C116CO (r)             1862 = NNCATECO2 (r)          
 253 = PGAOOB (r)             1058 = C116OOH (r)            1863 = NCATECO2 (r)           
 254 = PPACLOOA (r)           1059 = C616OH (r)             1864 = NAPINBOOH (r)          
 255 = PACLOOA (r)            1060 = C118O (r)              1865 = TLBIPERO2 (r)          
 256 = PPGAOOB (r)            1061 = BCLKBOH (r)            1866 = BENZAL (r)             
 257 = RHOM_O3 (r)            1062 = C1213O (r)             1867 = C6H5CO3 (r)            
 258 = CARENE (r)             1063 = C1215O (r)             1868 = C6H5O2 (r)             
 259 = C51OH (r)              1064 = C88CO (r)              1869 = C5DICAROOH (r)         
 260 = CH3CHOO (r)            1065 = C88OOH (r)             1870 = NC524OOH (r)           
 261 = MGLYOO (r)             1066 = C5DIALOH (r)           1871 = MALDIALOOH (r)         
 262 = ACLOO (r)              1067 = C524O (r)              1872 = HOCOC4DIAL (r)         
 263 = NOAOOA (r)             1068 = C718OH (r)             1873 = C534OOH (r)            
 264 = NOAOO (r)              1069 = C718O (r)              1874 = MVKO2 (r)              
 265 = HO1CO3C4O (r)          1070 = HPNC524CO (r)          1875 = VGLYOX (r)             
 266 = MEKBO (r)              1071 = HMPAN (r)              1876 = ACO3 (r)               
 267 = MEKCO (r)              1072 = BCALCOH (r)            1877 = HPC52OOH (r)           
 268 = CHOC3COO (r)           1073 = BCLKCOH (r)            1878 = NC526O2 (r)            
 269 = CHOCOCH2O (r)          1074 = C617OH (r)             1879 = INB2O2 (r)             
 270 = IPROPOLO (r)           1075 = CISOPAO (r)            1880 = C536OOH (r)            
 271 = IBUTOLBO (r)           1076 = HVMK (r)               1881 = C537OOH (r)            
 272 = TBUTOLO (r)            1077 = CH2CHCH2O (r)          1882 = MACO3H (r)             
 273 = C6145COO (r)           1078 = C530O (r)              1883 = TOL1OHNO2 (r)          
 274 = CHOCOMOXO (r)          1079 = C532CO (r)             1884 = NDNCRESO2 (r)          
 275 = MCOCOMOXO (r)          1080 = C31PAN (r)             1885 = DNCRESO2 (r)           
 276 = MECOACETO (r)          1081 = C47PAN (r)             1886 = NCRESO2 (r)            
 277 = H3C25C6O (r)           1082 = C513O (r)              1887 = H2M2C3CHO (r)          
 278 = C85O (r)               1083 = NISOPO (r)             1888 = C141CO2H (r)           
 279 = C86O (r)               1084 = C51O (r)               1889 = C2H4 (r)               
 280 = CO235C6O (r)           1085 = C512OH (r)             1890 = HOC6H4NO2 (r)          
 281 = NAPINAO (r)            1086 = HOCH2CO2H (r)          1891 = DNPHENO2 (r)           
 282 = NC101O (r)             1087 = C720O (r)              1892 = NDNPHENO2 (r)          
 283 = NC102O (r)             1088 = PROPOLNO3 (r)          1893 = PHENO (r)              
 284 = NC72O (r)              1089 = ACRPAN (r)             1894 = MALDALCO2H (r)         
 285 = C920O (r)              1090 = C5PAN19 (r)            1895 = MALDIALCO2 (r)         
 286 = C921O (r)              1091 = C719O (r)              1896 = HCOCO (r)              
 287 = C922O (r)              1092 = HMVKAO (r)             1897 = C136O2 (r)             
 288 = H1C23C4O (r)           1093 = C5PAN17 (r)            1898 = C831O2 (r)             
 289 = MOCOCH2O (r)           1094 = C920CO3H (r)           1899 = INAHCO3 (r)            
 290 = MALANHYO (r)           1095 = C2OHOCOOH (r)          1900 = BZEMUCO (r)            
 291 = PBZQO (r)              1096 = PHENOOH (r)            1901 = BCLKBO2 (r)            
 292 = PTLQO (r)              1097 = C920OOH (r)            1902 = C616O2 (r)             
 293 = BZFUONOOA (r)          1098 = HC23C4CO3H (r)         1903 = MGLYOOA (r)            
 294 = NBZQO (r)              1099 = IEACO3H (r)            1904 = MMALNACO2H (r)         
 295 = NTLFUO (r)             1100 = IECCO3H (r)            1905 = COHM2CO3H (r)          
 296 = TLFUONOOA (r)          1101 = INAO (r)               1906 = C928O2 (r)             
 297 = NPTLQO (r)             1102 = BZFUCO (r)             1907 = C519CHO (r)            
 298 = NPXYFUO (r)            1103 = C921OOH (r)            1908 = C828CO3 (r)            
 299 = C914O (r)              1104 = INANCO3H (r)           1909 = C828O2 (r)             
 300 = C87O (r)               1105 = INB1GLYOX (r)          1910 = IBUTALCO2 (r)          
 301 = C88O (r)               1106 = C6H5CH2OOH (r)         1911 = C627O2 (r)             
 302 = C618O (r)              1107 = INAHPCO2H (r)          1912 = CO25C6CO3 (r)          
 303 = C619O (r)              1108 = INAHPCO3H (r)          1913 = C734O2 (r)             
 304 = NBPINAO (r)            1109 = INAHCO2H (r)           1914 = C625O2 (r)             
 305 = NBPINBO (r)            1110 = C922OOH (r)            1915 = C1213O2 (r)            
 306 = NOPINDO (r)            1111 = C413COOOH (r)          1916 = C1212O2 (r)            
 307 = C515O (r)              1112 = CONM2PAN (r)           1917 = HCOC5 (r)              
 308 = C721O (r)              1113 = C57NO3CO2H (r)         1918 = COO2C3CO3 (r)          
 309 = C722O (r)              1114 = INCO (r)               1919 = MOCOCH2O2 (r)          
 310 = NC2OOA (r)             1115 = INCGLYOX (r)           1920 = COO2C3CHO (r)          
 311 = NC3OOA (r)             1116 = C89CO3H (r)            1921 = COO2C4CO3 (r)          
 312 = NC3OO (r)              1117 = INCNCO3H (r)           1922 = COO2C4O2 (r)           
 313 = NC4OOA (r)             1118 = TLBIPEROOH (r)         1923 = C1014O2 (r)            
 314 = NC4OO (r)              1119 = C312COCO3H (r)         1924 = C521O2 (r)             
 315 = INB1HPCO2H (r)         1120 = C89OOH (r)             1925 = C1215O2 (r)            
 316 = LIMALBO (r)            1121 = INDHPCO3H (r)          1926 = C1214O2 (r)            
 317 = C627O (r)              1122 = CO2N3CO3H (r)          1927 = C721OOH (r)            
 318 = LMKOOA (r)             1123 = ALCOCH2OOH (r)         1928 = C511CO3 (r)            
 319 = LMKOOB (r)             1124 = C810OOH (r)            1929 = C930O2 (r)             
 320 = LMLKBO (r)             1125 = C58NO3CO2H (r)         1930 = C44OOH (r)             
 321 = NLIMO (r)              1126 = INB1NACO3H (r)         1931 = MC3CODBCO2 (r)         
 322 = NLIMALO (r)            1127 = INB1NBCO3H (r)         1932 = MMALNBCO2H (r)         
 323 = NLMKAO (r)             1128 = INB1HPCO3H (r)         1933 = NORLIMAL (r)           
 324 = NC728O (r)             1129 = PERPINONIC (r)         1934 = NBCKO2 (r)             
 325 = NC623O (r)             1130 = LIMAOH (r)             1935 = MMALANHYO2 (r)         
 326 = NC730O (r)             1131 = C5CO14OOH (r)          1936 = C46CO3 (r)             
 327 = HODMSO2 (r)            1132 = C5DICARBO (r)          1937 = C617O2 (r)             
 328 = DMSO2 (r)              1133 = C923CO3H (r)           1938 = C617CO3 (r)            
 329 = CH3SCH2O (r)           1134 = C514OOH (r)            1939 = C618CO3 (r)            
 330 = DMSO (r)               1135 = NC4CO2H (r)            1940 = CHOC3COO2 (r)          
 331 = C630O (r)              1136 = C923OOH (r)            1941 = HIEB2O2 (r)            
 332 = C828O (r)              1137 = MMALNHYOOH (r)         1942 = HMACO3 (r)             
 333 = C521O (r)              1138 = C816CO3H (r)           1943 = C116O2 (r)             
 334 = BCALBO (r)             1139 = C816O (r)              1944 = C116CO3 (r)            
 335 = C736O (r)              1140 = C817CO3H (r)           1945 = C1012O2 (r)            
 336 = BCKSZOO (r)            1141 = C817OOH (r)            1946 = BCALCO2 (r)            
 337 = BCALOOA (r)            1142 = C727CO3H (r)           1947 = C1012O (r)             
 338 = BCALOO (r)             1143 = C622CO3H (r)           1948 = BCLKCO2 (r)            
 339 = C141OOA (r)            1144 = C622OOH (r)            1949 = C816CO (r)             
 340 = C141OO (r)             1145 = C97OOH (r)             1950 = C3MDIALO2 (r)          
 341 = BCBOOA (r)             1146 = C517CO3H (r)           1951 = C517O2 (r)             
 342 = BCBOCOO (r)            1147 = C517OOH (r)            1952 = C517CO3 (r)            
 343 = C126OOA (r)            1148 = TLEMUCOOH (r)          1953 = C516OOH (r)            
 344 = C126OO (r)             1149 = NPHEN1OOH (r)          1954 = EPXDLCO3 (r)           
 345 = BCLKBO (r)             1150 = C518CO3H (r)           1955 = BCKAO2 (r)             
 346 = C1214O (r)             1151 = TLEMUCCO3H (r)         1956 = A2PANOO (r)            
 347 = NBCO (r)               1152 = TLEMUCCO2H (r)         1957 = C6TRONOHO2 (r)         
 348 = NBCALO (r)             1153 = HMVKBCO3H (r)          1958 = C614O2 (r)             
 349 = NBCKO (r)              1154 = C6125CO (r)            1959 = C515O2 (r)             
 350 = NC1313O (r)            1155 = C98OOH (r)             1960 = C515CO3 (r)            
 351 = HMGLYOOA (r)           1156 = LMKAOH (r)             1961 = C620O2 (r)             
 352 = HMGLYOO (r)            1157 = LIMALBOOH (r)          1962 = C89CO2H (r)            
 353 = ISOP34O (r)            1158 = LIMALBCO (r)           1963 = C126O2 (r)             
 354 = MVKO (r)               1159 = C822CO3H (r)           1964 = C622O2 (r)             
 355 = NC51O (r)              1160 = C822CO2 (r)            1965 = MMALNACO3H (r)         
 356 = CO2C3OOB (r)           1161 = C823CO3H (r)           1966 = C624O2 (r)             
 357 = M3FOOA (r)             1162 = C823OOH (r)            1967 = C513O2 (r)             
 358 = M3FOO (r)              1163 = C825CO (r)             1968 = C144O2 (r)             
 359 = C531O (r)              1164 = C822OOH (r)            1969 = BCKBO2 (r)             
 360 = NC41OO (r)             1165 = C824CO (r)             1970 = ACRO2 (r)              
 361 = C55O (r)               1166 = C729CO3H (r)           1971 = C510O2 (r)             
 362 = BIACETO (r)            1167 = C729CO2H (r)           1972 = C731O2 (r)             
 363 = HYPROPO (r)            1168 = PINALOOH (r)           1973 = INDHCO3 (r)            
 364 = PRNO3CO2H (r)          1169 = C729OOH (r)            1974 = C1310O2 (r)            
 365 = IBUTOLBNO3 (r)         1170 = CATEC1OOH (r)          1975 = C139O2 (r)             
 366 = MPRNO3CO2H (r)         1171 = C624CO3H (r)           1976 = BZEMUCCO3 (r)          
 367 = GLYOOB (r)             1172 = MCATEC1OOH (r)         1977 = BZEPOXMUC (r)          
 368 = MVKOHANO3 (r)          1173 = C624OOH (r)            1978 = C5DIALO2 (r)           
 369 = HMGLOO (r)             1174 = C106OOH (r)            1979 = MACRNB (r)             
 370 = APINCOH (r)            1175 = NCRES1OOH (r)          1980 = C135O2 (r)             
 371 = C719NO3 (r)            1176 = C626CO3H (r)           1981 = TLEMUCCO3 (r)          
 372 = C719OH (r)             1177 = C626CO2H (r)           1982 = C615CO2O2 (r)          
 373 = HO2NO2 (r)             1178 = MNCATECO (r)           1983 = C733O2 (r)             
 374 = MGLOOA (r)             1179 = C626OOH (r)            1984 = C720O2 (r)             
 375 = CO2C4DIAL (r)          1180 = C519CO3H (r)           1985 = TLEMUCO (r)            
 376 = CATECOOA (r)           1181 = C511CO3H (r)           1986 = CONM2CO2H (r)          
 377 = PHENOH (r)             1182 = C510OOH (r)            1987 = ACCOMECO3 (r)          
 378 = MMALNHY2OH (r)         1183 = C918OOH (r)            1988 = MECOACETO2 (r)         
 379 = MMALANHYO (r)          1184 = CO25C6CO3H (r)         1989 = ACCOMECHO (r)          
 380 = TLFUOH (r)             1185 = CO25C6CO2H (r)         1990 = HM22CO3 (r)            
 381 = MCATECOOA (r)          1186 = C627OOH (r)            1991 = MMALNBCO3H (r)         
 382 = CRESOH (r)             1187 = BZBIPEROOH (r)         1992 = HMVKBCO3 (r)           
 383 = NBZFUONE (r)           1188 = CHOC2CO3H (r)          1993 = H1C23C4O2 (r)          
 384 = BZFUONOO (r)           1189 = LMLKBOOH (r)           1994 = H1C23C4CO3 (r)         
 385 = CO14O3CO2H (r)         1190 = C919OOH (r)            1995 = ETHENO3O2 (r)          
 386 = TLFUONOO (r)           1191 = LMLKBCO (r)            1996 = HYPROPO2 (r)           
 387 = C24O3CCO2H (r)         1192 = C731CO3H (r)           1997 = IPROPOLO2 (r)          
 388 = PXYFUOH (r)            1193 = C731CO2 (r)            1998 = CH3CHOHCHO (r)         
 389 = C9DCO (r)              1194 = CRESOOH (r)            1999 = C142O2 (r)             
 390 = CO1M22PAN (r)          1195 = C732CO3H (r)           2000 = PRONO3AO2 (r)          
 391 = NOPINBO (r)            1196 = C732OOH (r)            2001 = PRONO3BO2 (r)          
 392 = C617O (r)              1197 = C734CO (r)             2002 = C615O2 (r)             
 393 = NOPINCOH (r)           1198 = C731OOH (r)            2003 = C1312O2 (r)            
 394 = C917OH (r)             1199 = C733CO (r)             2004 = C1010O2 (r)            
 395 = BPINCOH (r)            1200 = NLIMOOH (r)            2005 = C1311O2 (r)            
 396 = C8BCO (r)              1201 = NLIMALOOH (r)          2006 = CO23C4NO3 (r)          
 397 = C811O (r)              1202 = PERPROACID (r)         2007 = CO25C6CHO (r)          
 398 = OCCOHCO (r)            1203 = NLMKAOOH (r)           2008 = C143CO (r)             
 399 = IEB1CHO (r)            1204 = NC728OOH (r)           2009 = CO14O3CHO (r)          
 400 = IEB4CHO (r)            1205 = NC623OOH (r)           2010 = MALANHYO2 (r)          
 401 = INANCOCHO (r)          1206 = H3C2C4CO3H (r)         2011 = C735O2 (r)             
 402 = INAHPPAN (r)           1207 = NC826OOH (r)           2012 = C719O2 (r)             
 403 = NC2OO (r)              1208 = IPROPOLPER (r)         2013 = ISOPAOH (r)            
 404 = INB2O (r)              1209 = NC730OOH (r)           2014 = C827O2 (r)             
 405 = MACRNOO (r)            1210 = IBUTOLOHB (r)          2015 = INAHPCO3 (r)           
 406 = CO2N3PAN (r)           1211 = CH3SCH2OOH (r)         2016 = C522CO3 (r)            
 407 = INB1HPPAN (r)          1212 = CH3SCHO (r)            2017 = C628O2 (r)             
 408 = LIMANO3 (r)            1213 = IBUTOLBO2H (r)         2018 = C126CO3 (r)            
 409 = LIMCNO3 (r)            1214 = CH3SOOOH (r)           2019 = INAOOH (r)             
 410 = LIMALNO3 (r)           1215 = CH3SO2OOH (r)          2020 = CRESO (r)              
 411 = C923O (r)              1216 = CH3SO2CHO (r)          2021 = C5CO14OH (r)           
 412 = C817O (r)              1217 = H3C25CCO3H (r)         2022 = C526O2 (r)             
 413 = C728NO3 (r)            1218 = BCAOH (r)              2023 = C535OOH (r)            
 414 = C623NO3 (r)            1219 = NBZFUO (r)             2024 = C536O2 (r)             
 415 = LMKANO3 (r)            1220 = H3C25C6OOH (r)         2025 = C537O2 (r)             
 416 = CH3O (r)               1221 = APINBOH (r)            2026 = C59OOH (r)             
 417 = CH3NO3 (r)             1222 = C141CO3H (r)           2027 = INB1NO3 (r)            
 418 = C823O (r)              1223 = C141OOH (r)            2028 = BZBIPERO2 (r)          
 419 = C822O (r)              1224 = CO2C3CO3H (r)          2029 = PE4E2CO (r)            
 420 = C729O (r)              1225 = C142OOH (r)            2030 = C4CO2O2 (r)            
 421 = C826NO3 (r)            1226 = NBZQOOH (r)            2031 = C51O2 (r)              
 422 = C730NO3 (r)            1227 = C143OOH (r)            2032 = CO24C4CHO (r)          
 423 = C626O (r)              1228 = C927OOH (r)            2033 = C828CHO (r)            
 424 = C511CHO (r)            1229 = C630OOH (r)            2034 = HCOCO2H (r)            
 425 = LMKBOO (r)             1230 = C46CO3H (r)            2035 = MALDIALCO3 (r)         
 426 = C732O (r)              1231 = NTLFUOOH (r)           2036 = COHM2CO3 (r)           
 427 = C731O (r)              1232 = NCATECO (r)            2037 = HIEB1O2 (r)            
 428 = C510OH (r)             1233 = C928CO3H (r)           2038 = C131O2 (r)             
 429 = NLIMALOH (r)           1234 = C928OOH (r)            2039 = HO1CO3C4O2 (r)         
 430 = NC728OH (r)            1235 = C515CO3H (r)           2040 = CO1M22CO3 (r)          
 431 = IPROPOLPAN (r)         1236 = NPTLQOOH (r)           2041 = CO1M22CHO (r)          
 432 = NC623OH (r)            1237 = C827CO3H (r)           2042 = C3MCODBCO3 (r)         
 433 = NC730OH (r)            1238 = C515OOH (r)            2043 = TLBIPERO (r)           
 434 = GAOO (r)               1239 = C828CO3H (r)           2044 = H1C23C4CHO (r)         
 435 = CH3SOO (r)             1240 = C828OOH (r)            2045 = C534O2 (r)             
 436 = BCANO3 (r)             1241 = BCKAOH (r)             2046 = HPC52O2 (r)            
 437 = BCCNO3 (r)             1242 = C131CO3H (r)           2047 = MCOCOMOXO2 (r)         
 438 = BCALNO3 (r)            1243 = C131OOH (r)            2048 = C23O3CCO3 (r)          
 439 = C141O (r)              1244 = IBUTALO2H (r)          2049 = C23O3CCHO (r)          
 440 = C142OH (r)             1245 = C132OOH (r)            2050 = C128O2 (r)             
 441 = C927OH (r)             1246 = C133OOH (r)            2051 = C519O2 (r)             
 442 = TBUTOLNO3 (r)          1247 = C829OOH (r)            2052 = C118O2 (r)             
 443 = C145OH (r)             1248 = MALDALCO3H (r)         2053 = BZFUONE (r)            
 444 = C928O (r)              1249 = C521OOH (r)            2054 = C520O2 (r)             
 445 = C827O (r)              1250 = C23O3CCO3H (r)         2055 = INDOOH (r)             
 446 = C827OH (r)             1251 = CH3OOH (r)             2056 = TLEPOXMUC (r)          
 447 = BCKANO3 (r)            1252 = C85CO3H (r)            2057 = CONM2CHO (r)           
 448 = C131O (r)              1253 = BCSOZOOH (r)           2058 = C4CODIAL (r)           
 449 = C132OH (r)             1254 = NPXYFUOOH (r)          2059 = C47CO3 (r)             
 450 = C132O (r)              1255 = OXYL1OOH (r)           2060 = INCOOH (r)             
 451 = C3ME3CHOO (r)          1256 = C151OOH (r)            2061 = C5CO14O2 (r)           
 452 = BCSOZNO3 (r)           1257 = C86OOH (r)             2062 = BCALAO2 (r)            
 453 = C151NO3 (r)            1258 = C152OOH (r)            2063 = MACRO2 (r)             
 454 = C152NO3 (r)            1259 = C126CO3H (r)           2064 = BZEMUCO2 (r)           
 455 = C126O (r)              1260 = BPINAOH (r)            2065 = EPXC4DIAL (r)          
 456 = C127OH (r)             1261 = C127OOH (r)            2066 = C3DIALO2 (r)           
 457 = C137O (r)              1262 = BCALBOOH (r)           2067 = C32OH13CO (r)          
 458 = C139OH (r)             1263 = BCALBCO (r)            2068 = MALDIALO2 (r)          
 459 = C136O (r)              1264 = C136CO3H (r)           2069 = C5134CO2OH (r)         
 460 = C1311O (r)             1265 = C136CO2 (r)            2070 = C618O2 (r)             
 461 = C1010O (r)             1266 = NOPINAOOH (r)          2071 = TBUTOLO2 (r)           
 462 = C1011O (r)             1267 = C137CO3H (r)           2072 = H2M2C3CO3 (r)          
 463 = C830O (r)              1268 = C235C6CO3H (r)         2073 = MIBKHO4CHO (r)         
 464 = BCKAOO (r)             1269 = C137OOH (r)            2074 = HCOCH2CO2H (r)         
 465 = BCKBOO (r)             1270 = C139OOH (r)            2075 = C629O2 (r)             
 466 = C1013O (r)             1271 = CO235C6OOH (r)         2076 = C88CHO (r)             
 467 = C1313NO3 (r)           1272 = C136OOH (r)            2077 = TLFUONE (r)            
 468 = C1313OH (r)            1273 = C1311OOH (r)           2078 = NO3CH2CO3 (r)          
 469 = C116O (r)              1274 = C1010OOH (r)           2079 = C5CO14CO2 (r)          
 470 = C117OH (r)             1275 = C736OOH (r)            2080 = C141CO (r)             
 471 = C1211O (r)             1276 = C522CO3H (r)           2081 = C58NO3CO3 (r)          
 472 = C1212OH (r)            1277 = C3M3CHOOOH (r)         2082 = NOA (r)                
 473 = C1210O (r)             1278 = MALANHYOOH (r)         2083 = CHOC2H4O2 (r)          
 474 = C930O (r)              1279 = C87CO3H (r)            2084 = MVKOHAO2 (r)           
 475 = NBCALOH (r)            1280 = C1011CO3H (r)          2085 = MVKOHBO2 (r)           
 476 = NC1313OH (r)           1281 = C87CO2H (r)            2086 = MACROHO2 (r)           
 477 = PAN (r)                1282 = C87OOH (r)             2087 = IBUTALOH (r)           
 478 = CO2C3CO2H (r)          1283 = C1012OOH (r)           2088 = C615CO3 (r)            
 479 = C45O (r)               1284 = C615CO3H (r)           2089 = C617CHO (r)            
 480 = C45NO3 (r)             1285 = C615CO2H (r)           2090 = H3C25C6CO3 (r)         
 481 = M3BU3EPAN (r)          1286 = C147CO (r)             2091 = NC91CHO (r)            
 482 = HC4PAN (r)             1287 = C147OOH (r)            2092 = CHOC2CO3 (r)           
 483 = METACETHO (r)          1288 = C6145COOOH (r)         2093 = C616O (r)              
 484 = PPN (r)                1289 = C830CO3H (r)           2094 = NC524O2 (r)            
 485 = MAE (r)                1290 = CO1M22CO3H (r)         2095 = ISOPBOOH (r)           
 486 = C2H5NO3 (r)            1291 = CO1M22CO2H (r)         2096 = NC71O (r)              
 487 = C2H5O (r)              1292 = C812OH (r)             2097 = CO2H3CO3H (r)          
 488 = C4PAN5 (r)             1293 = C831OOH (r)            2098 = HC4ACO3 (r)            
 489 = PHAN (r)               1294 = C1013CO3H (r)          2099 = MACROH (r)             
 490 = HCOCH2O (r)            1295 = NAPINAOOH (r)          2100 = INB1CO (r)             
 491 = NO3CH2PAN (r)          1296 = BZEMUCOOH (r)          2101 = C44O2 (r)              
 492 = NO3CH2CO2H (r)         1297 = C1014OOH (r)           2102 = DHPMPAL (r)            
 493 = PRNO3PAN (r)           1298 = H1CO23CHO (r)          2103 = HYPERACET (r)          
 494 = M2PROPAL2O (r)         1299 = H14CO23C4 (r)          2104 = HO14CO2C4 (r)          
 495 = MPRBNO3PAN (r)         1300 = COO2C4CO3H (r)         2105 = C512CO3 (r)            
 496 = ISOPAO (r)             1301 = COO2C3CO3H (r)         2106 = C624CO3 (r)            
 497 = C57OH (r)              1302 = NAPINBO (r)            2107 = CO235C6CO3 (r)         
 498 = ISOPBOH (r)            1303 = C915OOH (r)            2108 = C131CO3 (r)            
 499 = C58OH (r)              1304 = C116CO3H (r)           2109 = C626CO3 (r)            
 500 = ISOPDO (r)             1305 = C916OOH (r)            2110 = CO2C3CO3 (r)           
 501 = C107O (r)              1306 = C616OOH (r)            2111 = HO1CO34C5 (r)          
 502 = C96O (r)               1307 = C117OOH (r)            2112 = C928CO3 (r)            
 503 = C97O (r)               1308 = H1C23C4OOH (r)         2113 = C729O2 (r)             
 504 = NOPINCO (r)            1309 = BCLKBOOH (r)           2114 = C516O2 (r)             
 505 = C917O (r)              1310 = BCLKBCO (r)            2115 = CO13C3CO2H (r)         
 506 = BPINCO (r)             1311 = C1210CO3H (r)          2116 = MVKOHAOH (r)           
 507 = C812O (r)              1312 = C1210CO2 (r)           2117 = CO123C5CHO (r)         
 508 = NC826O (r)             1313 = C1211CO3H (r)          2118 = C511O2 (r)             
 509 = DMSO2O (r)             1314 = C1211OOH (r)           2119 = C525O2 (r)             
 510 = C142O (r)              1315 = C107OOH (r)            2120 = H13CO2C3 (r)           
 511 = C927O (r)              1316 = C1212OOH (r)           2121 = C4MALOHOOH (r)         
 512 = C127O (r)              1317 = BZEMUCCO3H (r)         2122 = MALDIAL (r)            
 513 = C139O (r)              1318 = C88CO3H (r)            2123 = HCOCOHCO3 (r)          
 514 = BCKOOB (r)             1319 = C1210OOH (r)           2124 = TLEMUCO2 (r)           
 515 = C117O (r)              1320 = BZEMUCCO2H (r)         2125 = ISOPDOOH (r)           
 516 = C1212O (r)             1321 = C1214OOH (r)           2126 = OCCOHCO2 (r)           
 517 = CO2C3OOA (r)           1322 = C930OOH (r)            2127 = C136CO3 (r)            
 518 = APINCO (r)             1323 = C718CO3H (r)           2128 = C57AO2 (r)             
 519 = CH3CHOOA (r)           1324 = NBCOOH (r)             2129 = DHPMEK (r)             
 520 = CH3COCH2O (r)          1325 = C718CO2H (r)           2130 = HCOCH2OOH (r)          
 521 = C109O (r)              1326 = NBCALOOH (r)           2131 = C716O2 (r)             
 522 = MEKANO3 (r)            1327 = NBCKOOH (r)            2132 = MACRNBCO3 (r)          
 523 = C621O (r)              1328 = NC1313OOH (r)          2133 = C727O2 (r)             
 524 = H1C23C4PAN (r)         1329 = C718OOH (r)            2134 = HMACR (r)              
 525 = C920PAN (r)            1330 = C524CO (r)             2135 = C133O2 (r)             
 526 = BZBIPERNO3 (r)         1331 = C6H5CO3H (r)           2136 = C148O2 (r)             
 527 = BZBIPER2OH (r)         1332 = C5DIALCO (r)           2137 = NO3CH2CHO (r)          
 528 = MALDIALO (r)           1333 = HIEB1O (r)             2138 = CH2OOB (r)             
 529 = MALDIALPAN (r)         1334 = HIEB2O (r)             2139 = MVKOH (r)              
 530 = HCOCOHPAN (r)          1335 = NC101OOH (r)           2140 = H13CO2CHO (r)          
 531 = MALANHY2OH (r)         1336 = C617CO3H (r)           2141 = C3H6 (r)               
 532 = MALNHYOHCO (r)         1337 = ALCOMOXOOH (r)         2142 = C143O2 (r)             
 533 = C3DIALO (r)            1338 = C617CO2H (r)           2143 = C518CO3 (r)            
 534 = C5DIALO (r)            1339 = BCALCCO (r)            2144 = INANCOCO3 (r)          
 535 = BZEMUCPAN (r)          1340 = C617OOH (r)            2145 = M3F (r)                
 536 = EPXDLPAN (r)           1341 = BCLKCCO (r)            2146 = C133O (r)              
 537 = PBZQOH (r)             1342 = C618CO3H (r)           2147 = C134O2 (r)             
 538 = PBZQCO (r)             1343 = C618CO2H (r)           2148 = C827CO3 (r)            
 539 = PBZQOOH (r)            1344 = C618OOH (r)            2149 = HC4CCO3 (r)            
 540 = BZFUO (r)              1345 = CH3CO3H (r)            2150 = C526OOH (r)            
 541 = BZFUOH (r)             1346 = ISOP34OOH (r)          2151 = HMVKBOOH (r)           
 542 = NNCATECO (r)           1347 = C526O (r)              2152 = HMVKANO3 (r)           
 543 = C5PAN18 (r)            1348 = C527O (r)              2153 = C4CO2OOH (r)           
 544 = DNPHENO (r)            1349 = C534O (r)              2154 = CO235C5CHO (r)         
 545 = NDNPHENO (r)           1350 = C535O (r)              2155 = CHOC3COCO3 (r)         
 546 = HOCH2COCO2H (r)        1351 = HPC52O (r)             2156 = BCLKAO2 (r)            
 547 = C6H5CH2NO3 (r)         1352 = EPXDLCO3H (r)          2157 = H3C2C4CO3 (r)          
 548 = C6H5CH2OH (r)          1353 = EPXDLCO2H (r)          2158 = ACR (r)                
 549 = TLBIPERNO3 (r)         1354 = CH2CHCH2OOH (r)        2159 = C524OOH (r)            
 550 = TLBIPER2OH (r)         1355 = MCOCOMOOOH (r)         2160 = HOCH2COCHO (r)         
 551 = C5COO2NO2 (r)          1356 = NC51OOH (r)            2161 = HO1CO3CHO (r)          
 552 = MC3CODBPAN (r)         1357 = NC102OOH (r)           2162 = NORPINAL (r)           
 553 = C3MCODBPAN (r)         1358 = NC71OOH (r)            2163 = C722O2 (r)             
 554 = C615CO2O (r)           1359 = M3BU3ECO3H (r)         2164 = C721O2 (r)             
 555 = TLEMUCPAN (r)          1360 = NC526O (r)             2165 = INB1OOH (r)            
 556 = PTLQOH (r)             1361 = HC4CO3H (r)            2166 = C146O2 (r)             
 557 = PTLQCO (r)             1362 = NC72OOH (r)            2167 = C927O2 (r)             
 558 = PTLQOOH (r)            1363 = C531OOH (r)            2168 = ISOPANO3 (r)           
 559 = APINAO (r)             1364 = C533O (r)              2169 = HCOCO3H (r)            
 560 = MNNCATECO (r)          1365 = C58AO (r)              2170 = ISOPBNO3 (r)           
 561 = DNCRESO (r)            1366 = C57AO (r)              2171 = CO2N3CHO (r)           
 562 = NDNCRESO (r)           1367 = HMML (r)               2172 = MMALNACO3 (r)          
 563 = APINANO3 (r)           1368 = NC61CO3H (r)           2173 = C829O2 (r)             
 564 = C6CO2OHPAN (r)         1369 = MECOACEOOH (r)         2174 = C535O2 (r)             
 565 = CH3COPAN (r)           1370 = NOPINCOOH (r)          2175 = MC3CODBCO3 (r)         
 566 = C5CO2OHPAN (r)         1371 = NISOPOOH (r)           2176 = C141CO3 (r)            
 567 = CHOMOHPAN (r)          1372 = C108OOH (r)            2177 = ISOPAOOH (r)           
 568 = C3MDIALO (r)           1373 = C2H5OOH (r)            2178 = NC4CHO (r)             
 569 = CO2C3PAN (r)           1374 = C917OOH (r)            2179 = CH3COCO3H (r)          
 570 = C4CO2DBPAN (r)         1375 = HOC2H4CO3H (r)         2180 = CH3O2 (r)              
 571 = C5CO2DBPAN (r)         1376 = C619OOH (r)            2181 = C5DICARB (r)           
 572 = C23O3CPAN (r)          1377 = CO2C4CO3H (r)          2182 = C5DICARBO2 (r)         
 573 = C23O3CCO2H (r)         1378 = CO23C4CO3H (r)         2183 = CH3COCO2H (r)          
 574 = BPINAO (r)             1379 = C512CO3H (r)           2184 = MMALNBCO3 (r)          
 575 = BPINANO3 (r)           1380 = H2M2C3CO3H (r)         2185 = CO23C4CO3 (r)          
 576 = NOPINANO3 (r)          1381 = C512CO2H (r)           2186 = C3MDIALOOH (r)         
 577 = NOPINAOH (r)           1382 = C67CO3H (r)            2187 = GLYOO (r)              
 578 = C9DCNO3 (r)            1383 = C55OOH (r)             2188 = C127O2 (r)             
 579 = C9DCOH (r)             1384 = IPRHOCO3H (r)          2189 = C624CO (r)             
 580 = C9DCCO (r)             1385 = C512OOH (r)            2190 = C519CO3 (r)            
 581 = C9DCOOH (r)            1386 = HCOCH2CO3H (r)         2191 = C918CHO (r)            
 582 = C914OH (r)             1387 = BIACET (r)             2192 = C141O2 (r)             
 583 = C914CO (r)             1388 = HM22CO3H (r)           2193 = INDO2 (r)              
 584 = C914OOH (r)            1389 = APINCOOH (r)           2194 = C147O2 (r)             
 585 = C87PAN (r)             1390 = HOCH2CO3H (r)          2195 = HMVKBCHO (r)           
 586 = C87OH (r)              1391 = ALLYLOH (r)            2196 = C4M2ALOHO2 (r)         
 587 = C615PAN (r)            1392 = BPINCOOH (r)           2197 = C622CO3 (r)            
 588 = C96NO3 (r)             1393 = ACCOMECO3H (r)         2198 = C3ME3CHOO2 (r)         
 589 = NOPINBNO3 (r)          1394 = C717OOH (r)            2199 = ISOP34O2 (r)           
 590 = C915NO3 (r)            1395 = CH2OOC (r)             2200 = C58O2 (r)              
 591 = C916O (r)              1396 = C720OOH (r)            2201 = C57NO3CO3 (r)          
 592 = C916NO3 (r)            1397 = NBPINAOOH (r)          2202 = CH3COCO3 (r)           
 593 = NOPINBOH (r)           1398 = CHOC3COOOH (r)         2203 = CONM2CO3 (r)           
 594 = NOPINBCO (r)           1399 = NBPINBOOH (r)          2204 = CO13C4OH (r)           
 595 = NOPINBOOH (r)          1400 = GLYOOA (r)             2205 = C827CHO (r)            
 596 = C915OH (r)             1401 = HC4CCO2H (r)           2206 = HOCH2CH2O2 (r)         
 597 = C916OH (r)             1402 = C57OOH (r)             2207 = CO2H3CO3 (r)           
 598 = C718NO3 (r)            1403 = NC91CO3H (r)           2208 = C5HPALD1 (r)           
 599 = C88PAN (r)             1404 = HC4ACO2H (r)           2209 = C5HPALD2 (r)           
 600 = C88CO2H (r)            1405 = ISOPDOH (r)            2210 = C3MDIALOH (r)          
 601 = C88OH (r)              1406 = LMKBCO (r)             2211 = INCO2 (r)              
 602 = C718PAN (r)            1407 = LIMALAOH (r)           2212 = C1210O2 (r)            
 603 = C617PAN (r)            1408 = NPHENOH (r)            2213 = C116CHO (r)            
 604 = C618PAN (r)            1409 = NPHENO (r)             2214 = C524O2 (r)             
 605 = NOPINCNO3 (r)          1410 = TOL1O (r)              2215 = C929O2 (r)             
 606 = COO2C4O (r)            1411 = MCATEC1O (r)           2216 = INAO2 (r)              
 607 = C917NO3 (r)            1412 = NCRES1O (r)            2217 = H3C25C6O2 (r)          
 608 = C512NO3 (r)            1413 = C89CO2 (r)             2218 = HMVKAO2 (r)            
 609 = C98O (r)               1414 = C6H5O (r)              2219 = C512O2 (r)             
 610 = C619OH (r)             1415 = LMLKAOH (r)            2220 = CH2OOF (r)             
 611 = C512PAN (r)            1416 = C628O (r)              2221 = C626O2 (r)             
 612 = BPINBO (r)             1417 = C628OH (r)             2222 = C5PACALD1 (r)          
 613 = BPINBNO3 (r)           1418 = C735O (r)              2223 = C58AO2 (r)             
 614 = C918PAN (r)            1419 = C735OH (r)             2224 = MACRNCO3 (r)           
 615 = BPINCNO3 (r)           1420 = C620OH (r)             2225 = C721CHO (r)            
 616 = C98NO3 (r)             1421 = BCBCO (r)              2226 = C5PACALD2 (r)          
 617 = CHOC3COPAN (r)         1422 = BCKBCO (r)             2227 = C57O2 (r)              
 618 = NC91PAN (r)            1423 = C521OH (r)             2228 = LIMKET (r)             
 619 = C89O (r)               1424 = C134OH (r)             2229 = MVK (r)                
 620 = C89NO3 (r)             1425 = BCKSOZ (r)             2230 = ISOPCOOH (r)           
 621 = C810O (r)              1426 = BCLKBOC (r)            2231 = C1210CO3 (r)           
 622 = C810NO3 (r)            1427 = BCALAOH (r)            2232 = C117O2 (r)             
 623 = C514NO3 (r)            1428 = C3M3CHONO3 (r)         2233 = NOPINONE (r)           
 624 = NOPINDOH (r)           1429 = APINBCO (r)            2234 = HCOCO3 (r)             
 625 = NOPINDCO (r)           1430 = BZEMUCNO3 (r)          2235 = H2O2 (r)               
 626 = NOPINDOOH (r)          1431 = MEKAOH (r)             2236 = C126CHO (r)            
 627 = C89PAN (r)             1432 = BCLKAOH (r)            2237 = C624CHO (r)            
 628 = C89OH (r)              1433 = LIMBCO (r)             2238 = MACO3 (r)              
 629 = C810OH (r)             1434 = NPHEN1O (r)            2239 = BIACETO2 (r)           
 630 = C8BCNO3 (r)            1435 = HNC524CO (r)           2240 = BCKET (r)              
 631 = C8BCOH (r)             1436 = HMACRO (r)             2241 = HOC2H4CHO (r)          
 632 = C8BCCO (r)             1437 = HMACROH (r)            2242 = C132O2 (r)             
 633 = C8BCOOH (r)            1438 = C818OH (r)             2243 = HOC2H4CO3 (r)          
 634 = C918O (r)              1439 = CO2C3OO (r)            2244 = CO2C3CHO (r)           
 635 = C918NO3 (r)            1440 = C58ANO3 (r)            2245 = C145O2 (r)             
 636 = C919O (r)              1441 = C47CHO (r)             2246 = CO2C4CHO (r)           
 637 = C919NO3 (r)            1442 = CH3C2H2O2 (r)          2247 = INB1O2 (r)             
 638 = C918OH (r)             1443 = NISOPO2 (r)            2248 = C517CHO (r)            
 639 = C919OH (r)             1444 = CATEC1O (r)            2249 = CISOPCO (r)            
 640 = C515PAN (r)            1445 = C619CO (r)             2250 = C58NO3 (r)             
 641 = C813O (r)              1446 = HO13CO4C5 (r)          2251 = CO13C4CHO (r)          
 642 = C811PAN (r)            1447 = TLEMUCNO3 (r)          2252 = HO12CO3C4 (r)          
 643 = C44O (r)               1448 = C513OH (r)             2253 = HCOCH2O2 (r)           
 644 = C721PAN (r)            1449 = ISOPBO (r)             2254 = BCAL (r)               
 645 = PBZN (r)               1450 = C824OOH (r)            2255 = BCLKET (r)             
 646 = PHCOOH (r)             1451 = PTLQONE (r)            2256 = C1011CO3 (r)           
 647 = IPRHOCO2H (r)          1452 = C826OOH (r)            2257 = CO2C4CO3 (r)           
 648 = A2PANO (r)             1453 = C624O (r)              2258 = HOCH2CO3 (r)           
 649 = C614NO3 (r)            1454 = LMKBOOH (r)            2259 = C59O2 (r)              
 650 = OCCOHCOH (r)           1455 = C625OOH (r)            2260 = C614CO (r)             
 651 = A2PAN (r)              1456 = C730OOH (r)            2261 = ISOPCNO3 (r)           
 652 = C2OHOCO2H (r)          1457 = C716OOH (r)            2262 = PINAL (r)              
 653 = CHOCOHCO (r)           1458 = C519OOH (r)            2263 = MVKNO3 (r)             
 654 = MACROHO (r)            1459 = MNNCATCOOH (r)         2264 = C57NO3 (r)             
 655 = IEPOXA (r)             1460 = INANCO (r)             2265 = MACRNO3 (r)            
 656 = IEAPAN (r)             1461 = C926OOH (r)            2266 = INANO3 (r)             
 657 = PINALO (r)             1462 = CO2C4GLYOX (r)         2267 = LIMAL (r)              
 658 = PINALNO3 (r)           1463 = DNCRESOOH (r)          2268 = C4MDIAL (r)            
 659 = IECPAN (r)             1464 = LMLKAOOH (r)           2269 = HC4ACHO (r)            
 660 = INAOH (r)              1465 = LMLKACO (r)            2270 = ACETOL (r)             
 661 = INANPAN (r)            1466 = CHOC2H4OOH (r)         2271 = CISOPAO2 (r)           
 662 = INANCO2H (r)           1467 = C109CO (r)             2272 = ISOPAO2 (r)            
 663 = C106O (r)              1468 = NDNCRESOOH (r)         2273 = ISOPBO2 (r)            
 664 = C106NO3 (r)            1469 = BZOBIPEROH (r)         2274 = HC4CCHO (r)            
 665 = INB1O (r)              1470 = C732CO (r)             2275 = CO2H3CHO (r)           
 666 = C716O (r)              1471 = C620OOH (r)            2276 = ISOPCO2 (r)            
 667 = INCOH (r)              1472 = C734OOH (r)            2277 = CISOPCO2 (r)           
 668 = INCNCO2H (r)           1473 = C6COOHCO3H (r)         2278 = ISOPDO2 (r)            
 669 = MACRNBPAN (r)          1474 = INAHCO3H (r)           2279 = GLYOX (r)              
 670 = C312COPAN (r)          1475 = C733OOH (r)            2280 = CO23C3CHO (r)          
 671 = INDOH (r)              1476 = C628OOH (r)            2281 = CO23C4CHO (r)          
 672 = INB1NAPAN (r)          1477 = C629OH (r)             2282 = C716OH (r)             
 673 = INB1NACO2H (r)         1478 = C520OH (r)             2283 = CH3COCH2O2 (r)         
 674 = INB1NBPAN (r)          1479 = C614OOH (r)            2284 = MEKAO2 (r)             
 675 = INB1NBCO2H (r)         1480 = C735OOH (r)            2285 = CO235C6CHO (r)         
 676 = C10PAN2 (r)            1481 = IPROPOLO2H (r)         2286 = C729CHO (r)            
 677 = LIMAO (r)              1482 = INANCOCO2H (r)         2287 = HMVKBO2 (r)            
 678 = LIMBO (r)              1483 = INANCOCO3H (r)         2288 = HCOCH2CHO (r)          
 679 = LIMBNO3 (r)            1484 = ACLOOA (r)             2289 = LMLKET (r)             
 680 = LIMCO (r)              1485 = CH3CHOHCO3 (r)         2290 = C622CHO (r)            
 681 = LIMCOH (r)             1486 = C5COOHCO3H (r)         2291 = C518CHO (r)            
 682 = LIMALO (r)             1487 = INB1OH (r)             2292 = C626CHO (r)            
 683 = LIMALOH (r)            1488 = CH3SCH2O2 (r)          2293 = CH3CO3 (r)             
 684 = C923PAN (r)            1489 = LIMALAOOH (r)          2294 = MGLYOX (r)             
 685 = LIMONONIC (r)          1490 = CH3S (r)               2295 = BIACETOH (r)           
 686 = C923NO3 (r)            1491 = CHOMOHCO3H (r)         2296 = C717O2 (r)             
 687 = C923OH (r)             1492 = DMSO2OOH (r)           2297 = HOCH2CHO (r)           
 688 = C924O (r)              1493 = DMSO2O2 (r)            2298 = HNO3 (r)               
 689 = C924OH (r)             1494 = BCAOOH (r)             2299 = HCOCH2CO3 (r)          
 690 = NORLIMO (r)            1495 = BCBOOH (r)             2300 = LIMALBO2 (r)           
 691 = C816PAN (r)            1496 = BCCOOH (r)             2301 = C732CO3 (r)            
 692 = C925O (r)              1497 = BCCO2 (r)              2302 = BPINCO2 (r)            
 693 = C817PAN (r)            1498 = NBZFUOOH (r)           2303 = APINCO2 (r)            
 694 = C817NO3 (r)            1499 = BCALOOH (r)            2304 = C8BCO2 (r)             
 695 = C818O (r)              1500 = APINAOOH (r)           2305 = C821O2 (r)             
 696 = C819O (r)              1501 = H3C25C6OH (r)          2306 = C87O2 (r)              
 697 = C727PAN (r)            1502 = H3C25C5CHO (r)         2307 = C87CO3 (r)             
 698 = C727O (r)              1503 = C4M2ALOHNO3 (r)        2308 = C914O2 (r)             
 699 = C820O (r)              1504 = C4CO2DCO3H (r)         2309 = C9DCO2 (r)             
 700 = C622PAN (r)            1505 = C630CO (r)             2310 = C107O2 (r)             
 701 = C622CO2H (r)           1506 = MGLOO (r)              2311 = C108O2 (r)             
 702 = C622NO3 (r)            1507 = C144OOH (r)            2312 = C109O2 (r)             
 703 = C622OH (r)             1508 = C145OOH (r)            2313 = C820O2 (r)             
 704 = C728O (r)              1509 = MEKBOOH (r)            2314 = C925O2 (r)             
 705 = C728OH (r)             1510 = C929OOH (r)            2315 = C818O2 (r)             
 706 = C517PAN (r)            1511 = MMALNBPAN (r)          2316 = C819O2 (r)             
 707 = C517CO2H (r)           1512 = C5CO2DCO3H (r)         2317 = C917O2 (r)             
 708 = C517NO3 (r)            1513 = C4CO2O (r)             2318 = C97O2 (r)              
 709 = C517OH (r)             1514 = C6H5OOH (r)            2319 = NC101O2 (r)            
 710 = C518PAN (r)            1515 = TBUTOLOOH (r)          2320 = C916O2 (r)             
 711 = C518CO2H (r)           1516 = BCKAOOH (r)            2321 = LMLKAO2 (r)            
 712 = C623O (r)              1517 = NC4CO3H (r)            2322 = C924O2 (r)             
 713 = C97OH (r)              1518 = BCKBOOH (r)            2323 = C824O2 (r)             
 714 = C623OH (r)             1519 = LIMALACO (r)           2324 = C106O2 (r)             
 715 = HMVKBPAN (r)           1520 = INCNO3 (r)             2325 = C810O2 (r)             
 716 = HMVKBCO2H (r)          1521 = C515CO (r)             2326 = C731CO3 (r)            
 717 = C821O (r)              1522 = C621OOH (r)            2327 = C823O2 (r)             
 718 = LMKAO (r)              1523 = PXYFUOOH (r)           2328 = C825O2 (r)             
 719 = LMKBO (r)              1524 = INCNCHO (r)            2329 = C823CO3 (r)            
 720 = LMKBNO3 (r)            1525 = C134OOH (r)            2330 = C98O2 (r)              
 721 = C98OH (r)              1526 = C134CO (r)             2331 = C919O2 (r)             
 722 = LIMALAO (r)            1527 = C135OOH (r)            2332 = C918O2 (r)             
 723 = C822PAN (r)            1528 = C2H5O2 (r)             2333 = NC102O2 (r)            
 724 = C822CO2H (r)           1529 = BCSOZO2 (r)            2334 = LMLKBO2 (r)            
 725 = C823PAN (r)            1530 = NPHENOOH (r)           2335 = C922O2 (r)             
 726 = LIMONIC (r)            1531 = MACRNBCO2H (r)         2336 = C921O2 (r)             
 727 = C823NO3 (r)            1532 = C85OOH (r)             2337 = LIMALAO2 (r)           
 728 = C823OH (r)             1533 = C152O2 (r)             2338 = APINAO2 (r)            
 729 = C825O (r)              1534 = COHM2PAN (r)           2339 = NAPINAO2 (r)           
 730 = C825OH (r)             1535 = MVKOHAOOH (r)          2340 = C727CO3 (r)            
 731 = C822NO3 (r)            1536 = BCALAOOH (r)           2341 = NORLIMO2 (r)           
 732 = C822OH (r)             1537 = BCALACO (r)            2342 = APINBO2 (r)            
 733 = C824O (r)              1538 = C511OOH (r)            2343 = C816O2 (r)             
 734 = C824OH (r)             1539 = BPINAOOH (r)           2344 = C816CO3 (r)            
 735 = C729PAN (r)            1540 = C128OOH (r)            2345 = C920CO3 (r)            
 736 = C729NO3 (r)            1541 = INDO (r)               2346 = C920O2 (r)             
 737 = PINALOH (r)            1542 = C137CO (r)             2347 = C826O2 (r)             
 738 = C826OH (r)             1543 = HCOCOHCO3H (r)         2348 = C86O2 (r)              
 739 = C624PAN (r)            1544 = C813NO3 (r)            2349 = PINALO2 (r)            
 740 = C624CO2H (r)           1545 = C1310OOH (r)           2350 = NAPINBO2 (r)           
 741 = C624NO3 (r)            1546 = MEKCOOH (r)            2351 = NC826O2 (r)            
 742 = C624OH (r)             1547 = C1310CO (r)            2352 = C822CO3 (r)            
 743 = C625O (r)              1548 = INDHCO3H (r)           2353 = C822O2 (r)             
 744 = C730O (r)              1549 = C1312OOH (r)           2354 = C729CO3 (r)            
 745 = C730OH (r)             1550 = C1312CO (r)            2355 = C718CO3 (r)            
 746 = C626PAN (r)            1551 = APINBOOH (r)           2356 = C89O2 (r)              
 747 = C106OH (r)             1552 = PINIC (r)              2357 = C88CO3 (r)             
 748 = C626NO3 (r)            1553 = C109OH (r)             2358 = C88O2 (r)              
 749 = C519PAN (r)            1554 = C736CO (r)             2359 = C915O2 (r)             
 750 = C519CO2H (r)           1555 = HOCO3C4OOH (r)         2360 = C89CO3 (r)             
 751 = C519O (r)              1556 = GAOOB (r)              2361 = C813O2 (r)             
 752 = C511PAN (r)            1557 = C146OOH (r)            2362 = C812O2 (r)             
 753 = C627PAN (r)            1558 = C146CO (r)             2363 = NBPINBO2 (r)           
 754 = CHOC2H4O (r)           1559 = C87CO (r)              2364 = NC91CO3 (r)            
 755 = CHOC2PAN (r)           1560 = C811OH (r)             2365 = C923CO3 (r)            
 756 = LMLKAO (r)             1561 = TLOBIPEROH (r)         2366 = C721CO3 (r)            
 757 = C731PAN (r)            1562 = C615OOH (r)            2367 = C811O2 (r)             
 758 = C731CO2H (r)           1563 = C3MCODBCO2 (r)         2368 = C811CO3 (r)            
 759 = C732PAN (r)            1564 = C6TONOHOOH (r)         2369 = C923O2 (r)             
 760 = KLIMONIC (r)           1565 = C129OOH (r)            2370 = NLMKAO2 (r)            
 761 = C732NO3 (r)            1566 = C129CO (r)             2371 = C85O2 (r)              
 762 = C732OH (r)             1567 = C831CO (r)             2372 = C85CO3 (r)             
 763 = C734O (r)              1568 = C915O (r)              2373 = C96O2 (r)              
 764 = C734OH (r)             1569 = C148OOH (r)            2374 = C96CO3 (r)             
 765 = C731NO3 (r)            1570 = C148CO (r)             2375 = LMKAO2 (r)             
 766 = C731OH (r)             1571 = C813OH (r)             2376 = LMKBO2 (r)             
 767 = C733O (r)              1572 = C1014CO (r)            2377 = LIMCO2 (r)             
 768 = C733OH (r)             1573 = LIMAOOH (r)            2378 = NBPINAO2 (r)           
 769 = H3C2C4PAN (r)          1574 = BCLKAOOH (r)           2379 = NOPINAO2 (r)           
 770 = NC826OH (r)            1575 = BCLKACO (r)            2380 = NOPINBO2 (r)           
 771 = CH3SCH2OH (r)          1576 = C1313OOH (r)           2381 = BPINBO2 (r)            
 772 = H3C25C6PAN (r)         1577 = NC101CO (r)            2382 = NOPINCO2 (r)           
 773 = CH3SO (r)              1578 = C3DIALOOH (r)          2383 = BPINAO2 (r)            
 774 = CH3SOO2NO2 (r)         1579 = LIMBOOH (r)            2384 = C918CO3 (r)            
 775 = MSIA (r)               1580 = C118OOH (r)            2385 = NOPINDO2 (r)           
 776 = CH3SO4NO2 (r)          1581 = LIMCOOH (r)            2386 = APINBOO (r)            
 777 = BCAO (r)               1582 = NNCATECOOH (r)         2387 = NLIMO2 (r)             
 778 = BCBO (r)               1583 = C1211CO (r)            2388 = C926O2 (r)             
 779 = BCBNO3 (r)             1584 = C96OOH (r)             2389 = LIMBO2 (r)             
 780 = BCCO (r)               1585 = C109OOH (r)            2390 = NLIMALO2 (r)           
 781 = BCCOH (r)              1586 = LIMALOOH (r)           2391 = C817O2 (r)             
 782 = BCALO (r)              1587 = C1213OOH (r)           2392 = C817CO3 (r)            
 783 = BCALOH (r)             1588 = C1213CO (r)            2393 = LIMALO2 (r)            
 784 = C141PAN (r)            1589 = C3DIOLOOH (r)          2394 = R_HOM_OH_O8 (r)        
 785 = C141NO3 (r)            1590 = NORPINIC (r)           2395 = R_HOM_O7 (r)           
 786 = C141OH (r)             1591 = C5DIALOOH (r)          2396 = R_HOM_O5 (r)           
 787 = C142NO3 (r)            1592 = C1215OOH (r)           2397 = R_HOM_O6 (r)           
 788 = C143NO3 (r)            1593 = C1215CO (r)            2398 = R_HOM_OH_O10 (r)       
 789 = C143OH (r)             1594 = CHOCOMOXO2 (r)         2399 = R_HOM_O14 (r)          
 790 = C108O (r)              1595 = C924OOH (r)            2400 = R_HOM_OH_O9 (r)        
 791 = C927NO3 (r)            1596 = C811NO3 (r)            2401 = NO3 (r)                
 792 = C630OH (r)             1597 = C924CO (r)             2402 = R_HOM_O12 (r)          
 793 = C46PAN (r)             1598 = C525OOH (r)            2403 = R_HOM_O8 (r)           
 794 = C46CO2H (r)            1599 = NC524O (r)             2404 = R_HOM_O11 (r)          
 795 = C928PAN (r)            1600 = HMVKNO3 (r)            2405 = R_HOM_O13 (r)          
 796 = C928CO2H (r)           1601 = C823CO (r)             2406 = R_HOM_O9 (r)           
 797 = C928NO3 (r)            1602 = NORLIMOOH (r)          2407 = OH (r)                 
 798 = C928OH (r)             1603 = HIEB2OOH (r)           2408 = HO2 (r)                
 799 = C929O (r)              1604 = C817CO (r)             2409 = R_HOM_OH_O5 (r)        
 800 = C929OH (r)             1605 = HMACO3H (r)            2410 = R_HOM_O4 (r)           
 801 = C827PAN (r)            1606 = HMACROOH (r)           2411 = R_HOM_O10 (r)          
 802 = C827CO2H (r)           1607 = BCALCOOH (r)           2412 = R_HOM_OH_O6 (r)        
 803 = C827OOH (r)            1608 = C816OOH (r)            2413 = LIMAO2 (r)             
 804 = C511O (r)              1609 = BCLKCOOH (r)           2414 = R_HOM_OH_O7 (r)        
 805 = C828PAN (r)            1610 = C925OOH (r)            

Fixed species
   1 = SO2 (r)                  10 = BPINENE (r)              19 = HCHO (r)               
   2 = NO (r)                   11 = C2H5OH (r)               20 = HCOOH (r)              
   3 = NO2 (r)                  12 = C5H8 (r)                 21 = LIMONENE (r)           
   4 = CO (r)                   13 = CH3CHO (r)               22 = MACR (r)               
   5 = H2 (r)                   14 = CH3CO2H (r)              23 = MEK (r)                
   6 = O3 (r)                   15 = CH3COCH3 (r)             24 = PROPACID (r)           
   7 = APINENE (r)              16 = CH3OH (r)                25 = TOLUENE (r)            
   8 = BCARY (r)                17 = CH4 (r)                
   9 = BENZENE (r)              18 = DMS (r)                

### Subroutines ---------------------------------------

SUBROUTINE Fun ( V, F, RCT, Vdot, Aout )
SUBROUTINE Fun_SPLIT ( V, F, RCT, Vdot, P_VAR, D_VAR, Aout )
SUBROUTINE CalcStoichNum ( StoichNum )
SUBROUTINE Jac_SP ( V, F, RCT, JVS )
SUBROUTINE Jac_SP_Vec ( JVS, UV, JUV )
SUBROUTINE JacTR_SP_Vec ( JVS, UV, JTUV )
SUBROUTINE KppSolve ( JVS, X )
SUBROUTINE KppSolveTR ( JVS, X, XX )
SUBROUTINE Initialize ( )
SUBROUTINE Shuffle_user2kpp ( V_USER, V )
SUBROUTINE Shuffle_kpp2user ( V, V_USER )
SUBROUTINE Update_PHOTO ( )
SUBROUTINE GetMass ( CL, Mass )
